<?xml version="1.0" encoding="UTF-8" ?>
<testsuite tests="28" failures="0" name="acceptanceTests.AcceptanceTest" time="1.493" errors="0" skipped="0">
  <properties>
    <property name="java.runtime.name" value="Java(TM) SE Runtime Environment"/>
    <property name="java.vm.version" value="13.0.2+8"/>
    <property name="sun.boot.library.path" value="C:\Program Files\Java\jdk-13.0.2\bin"/>
    <property name="maven.multiModuleProjectDirectory" value="C:\Users\simon\git\ProjectAOOSD\FinalProject"/>
    <property name="java.vm.vendor" value="Oracle Corporation"/>
    <property name="java.vendor.url" value="https://java.oracle.com/"/>
    <property name="guice.disable.misplaced.annotation.check" value="true"/>
    <property name="path.separator" value=";"/>
    <property name="java.vm.name" value="Java HotSpot(TM) 64-Bit Server VM"/>
    <property name="sun.os.patch.level" value=""/>
    <property name="user.script" value=""/>
    <property name="user.country" value="GB"/>
    <property name="sun.java.launcher" value="SUN_STANDARD"/>
    <property name="java.vm.specification.name" value="Java Virtual Machine Specification"/>
    <property name="user.dir" value="C:\Users\simon\git\ProjectAOOSD\FinalProject"/>
    <property name="java.vm.compressedOopsMode" value="Zero based"/>
    <property name="java.runtime.version" value="13.0.2+8"/>
    <property name="os.arch" value="amd64"/>
    <property name="java.io.tmpdir" value="C:\Users\simon\AppData\Local\Temp\"/>
    <property name="line.separator" value="
"/>
    <property name="java.vm.specification.vendor" value="Oracle Corporation"/>
    <property name="user.variant" value=""/>
    <property name="os.name" value="Windows 10"/>
    <property name="classworlds.conf" value="C:\Users\simon\eclipse-workspace\.metadata\.plugins\org.eclipse.m2e.launching\launches\m2conf16830271556841272212.tmp"/>
    <property name="sun.jnu.encoding" value="Cp1252"/>
    <property name="java.library.path" value="C:\Program Files\Java\jdk-13.0.2\bin;C:\WINDOWS\Sun\Java\bin;C:\WINDOWS\system32;C:\WINDOWS;C:/Program Files/Java/jdk-13.0.2/bin/server;C:/Program Files/Java/jdk-13.0.2/bin;C:\WINDOWS\system32;C:\WINDOWS;C:\WINDOWS\System32\Wbem;C:\WINDOWS\System32\WindowsPowerShell\v1.0\;C:\WINDOWS\System32\OpenSSH\;C:\Program Files (x86)\Wolfram Research\WolframScript\;C:\Program Files\MATLAB\R2019b\bin;C:\Program Files\NVIDIA Corporation\NVIDIA NvDLISR;C:\Program Files\Git\cmd;C:\WINDOWS\system32;C:\WINDOWS;C:\WINDOWS\System32\Wbem;C:\WINDOWS\System32\WindowsPowerShell\v1.0\;C:\WINDOWS\System32\OpenSSH\;C:\Python27;C:\Python27\Scripts;C:\Program Files\dotnet\;C:\Program Files\Microsoft SQL Server\120\Tools\Binn\;C:\Program Files\Microsoft SQL Server\Client SDK\ODBC\110\Tools\Binn\;C:\Program Files (x86)\Microsoft SQL Server\120\Tools\Binn\;C:\Program Files\Microsoft SQL Server\120\DTS\Binn\;C:\Program Files (x86)\Windows Kits\8.1\Windows Performance Toolkit\;C:\Users\simon\Documents\4. sem\DATLOG;C:\Users\simon\FsLexYacc.Runtime.10.0.0;C:\Program Files\pmd-bin-6.22.0\bin;C:\Program Files\Java\jdk-13.0.2\bin;C:\Users\simon\AppData\Local\Microsoft\WindowsApps;;C:\Users\simon\AppData\Local\Programs\Microsoft VS Code\bin;C:\Users\simon\.dotnet\tools;C:\WINDOWS\system32;;."/>
    <property name="jdk.debug" value="release"/>
    <property name="java.class.version" value="57.0"/>
    <property name="java.specification.name" value="Java Platform API Specification"/>
    <property name="sun.management.compiler" value="HotSpot 64-Bit Tiered Compilers"/>
    <property name="os.version" value="10.0"/>
    <property name="user.home" value="C:\Users\simon"/>
    <property name="user.timezone" value="Europe/Copenhagen"/>
    <property name="file.encoding" value="Cp1252"/>
    <property name="java.specification.version" value="13"/>
    <property name="user.name" value="simon"/>
    <property name="java.class.path" value="C:\Users\simon\.p2\pool\plugins\org.eclipse.m2e.maven.runtime_1.14.0.20191209-1923\jars\plexus-classworlds-2.6.0.jar"/>
    <property name="java.vm.specification.version" value="13"/>
    <property name="sun.arch.data.model" value="64"/>
    <property name="sun.java.command" value="org.codehaus.plexus.classworlds.launcher.Launcher -B install"/>
    <property name="java.home" value="C:\Program Files\Java\jdk-13.0.2"/>
    <property name="user.language" value="en"/>
    <property name="java.specification.vendor" value="Oracle Corporation"/>
    <property name="java.vm.info" value="mixed mode, sharing"/>
    <property name="java.version" value="13.0.2"/>
    <property name="java.vendor" value="Oracle Corporation"/>
    <property name="maven.home" value="C:\Users\simon\git\ProjectAOOSD\FinalProject\EMBEDDED"/>
    <property name="file.separator" value="\"/>
    <property name="java.version.date" value="2020-01-14"/>
    <property name="java.vendor.url.bug" value="https://bugreport.java.com/bugreport/"/>
    <property name="sun.io.unicode.encoding" value="UnicodeLittle"/>
    <property name="sun.cpu.endian" value="little"/>
    <property name="sun.cpu.isalist" value="amd64"/>
  </properties>
  <testcase classname="Data Not found" name="Client can not be found in the database" time="0.066"/>
  <testcase classname="Data Not found" name="Container can not be found in the database" time="0.019"/>
  <testcase classname="Data Not found" name="Port name is not valid" time="0.021"/>
  <testcase classname="Data Not found" name="Destination port doesnot exist" time="0.022"/>
  <testcase classname="Get Client information" name="Logistic Company can view the Client information" time="0.016"/>
  <testcase classname="Get Client information" name="Client can view its own information" time="0.015"/>
  <testcase classname="Find a journey" name="Client can track the journey of a container by Journey ID" time="0.044"/>
  <testcase classname="Find a journey" name="Client can track the containers starting journey from a Port" time="0.042"/>
  <testcase classname="Find a journey" name="Client can track the containers containing a particular cargo" time="0.034"/>
  <testcase classname="Register Container" name="Client can register a container for a journey" time="0.226"/>
  <testcase classname="Register a new Client" name="Logistic Company registers a new client" time="0.019"/>
  <testcase classname="Run simulation" name="The simulation can create a new client" time="0.148"/>
  <testcase classname="Run simulation" name="The simulation can create a new journey" time="0.126"/>
  <testcase classname="Run simulation" name="The simulation can develop a journey" time="0.133"/>
  <testcase classname="Run simulation" name="The simulation can finish a journey" time="0.146"/>
  <testcase classname="Search clients" name="Logistic Company can search by clients name" time="0.034"/>
  <testcase classname="Search clients" name="Logistic Company can search by clients email" time="0.03"/>
  <testcase classname="Search clients" name="Logistic Company can search by clients reference person" time="0.029"/>
  <testcase classname="Search clients" name="Logistic Company can search by clients phone" time="0.025"/>
  <testcase classname="Track the history of the Journey" name="The logistic Company should be able to update the internal status of the container" time="0.042"/>
  <testcase classname="Track the history of the Journey" name="The client should be able to view the internal status of the container" time="0.035"/>
  <testcase classname="Update the information of the client" name="Client can update its phone number" time="0.021"/>
  <testcase classname="Update the information of the client" name="Client can update its email number" time="0.018"/>
  <testcase classname="Update the information of the client" name="Client can update its reference Person" time="0.021"/>
  <testcase classname="Update the last port visited by the container" name="Logistic Company can update the port visited for the container" time="0.042"/>
  <testcase classname="Update the last port visited by the container" name="Logistic Company can update the port visited for the container" time="0.035"/>
  <testcase classname="Update Container Location" name="Logistic Company can register a new location for the container" time="0.027"/>
  <testcase classname="View All Active Journeys" name="Logistic Company can view all the active Journeys" time="0.057"/>
</testsuite>